<?xml version="1.0" encoding="UTF-8"?>
<!-- Generated by org.testng.reporters.JUnitReportReporter -->
<testsuite hostname="DESKTOP-2H6BHBG" failures="0" tests="1" name="com.runner.TestRunner" time="17.624" errors="0" timestamp="2023-06-01T23:11:40 IST" skipped="0">
  <testcase classname="com.runner.TestRunner" name="runScenario" time="17.624"/>
  <system-out/>
</testsuite> <!-- com.runner.TestRunner -->
